d:\mydemo\renderdemo\scrcpy\scrcpy\debug\vc143.pdb
d:\mydemo\renderdemo\scrcpy\scrcpy\debug\vc143.idb
d:\mydemo\renderdemo\scrcpy\scrcpy\debug\getopt.obj
d:\mydemo\renderdemo\scrcpy\scrcpy\debug\frame_buffer.obj
d:\mydemo\renderdemo\scrcpy\scrcpy\debug\fps_counter.obj
d:\mydemo\renderdemo\scrcpy\scrcpy\debug\file_pusher.obj
d:\mydemo\renderdemo\scrcpy\scrcpy\debug\display.obj
d:\mydemo\renderdemo\scrcpy\scrcpy\debug\device_msg.obj
d:\mydemo\renderdemo\scrcpy\scrcpy\debug\demuxer.obj
d:\mydemo\renderdemo\scrcpy\scrcpy\debug\delay_buffer.obj
d:\mydemo\renderdemo\scrcpy\scrcpy\debug\decoder.obj
d:\mydemo\renderdemo\scrcpy\scrcpy\debug\control_msg.obj
d:\mydemo\renderdemo\scrcpy\scrcpy\debug\controller.obj
d:\mydemo\renderdemo\scrcpy\scrcpy\debug\compat.obj
d:\mydemo\renderdemo\scrcpy\scrcpy\debug\clock.obj
d:\mydemo\renderdemo\scrcpy\scrcpy\debug\cli.obj
d:\mydemo\renderdemo\scrcpy\scrcpy\debug\audio_player.obj
d:\mydemo\renderdemo\scrcpy\scrcpy\debug\atomic.obj
d:\mydemo\renderdemo\scrcpy\scrcpy\debug\adb_tunnel.obj
d:\mydemo\renderdemo\scrcpy\scrcpy\debug\adb_parser.obj
d:\mydemo\renderdemo\scrcpy\scrcpy\debug\adb_device.obj
d:\mydemo\renderdemo\scrcpy\scrcpy\debug\adb.obj
d:\mydemo\renderdemo\scrcpy\scrcpy\debug\keyboard_uhid.obj
d:\mydemo\renderdemo\scrcpy\scrcpy\debug\packet_source.obj
d:\mydemo\renderdemo\scrcpy\scrcpy\debug\frame_source.obj
d:\mydemo\renderdemo\scrcpy\scrcpy\debug\process.obj
d:\mydemo\renderdemo\scrcpy\scrcpy\debug\file.obj
d:\mydemo\renderdemo\scrcpy\scrcpy\debug\server.obj
d:\mydemo\renderdemo\scrcpy\scrcpy\debug\screen.obj
d:\mydemo\renderdemo\scrcpy\scrcpy\debug\scrcpy.obj
d:\mydemo\renderdemo\scrcpy\scrcpy\debug\recorder.obj
d:\mydemo\renderdemo\scrcpy\scrcpy\debug\receiver.obj
d:\mydemo\renderdemo\scrcpy\scrcpy\debug\packet_merger.obj
d:\mydemo\renderdemo\scrcpy\scrcpy\debug\options.obj
d:\mydemo\renderdemo\scrcpy\scrcpy\debug\opengl.obj
d:\mydemo\renderdemo\scrcpy\scrcpy\debug\mouse_sdk.obj
d:\mydemo\renderdemo\scrcpy\scrcpy\debug\main.obj
d:\mydemo\renderdemo\scrcpy\scrcpy\debug\keyboard_sdk.obj
d:\mydemo\renderdemo\scrcpy\scrcpy\debug\input_manager.obj
d:\mydemo\renderdemo\scrcpy\scrcpy\debug\icon.obj
d:\mydemo\renderdemo\scrcpy\scrcpy\debug\hid_mouse.obj
d:\mydemo\renderdemo\scrcpy\scrcpy\debug\hid_keyboard.obj
d:\mydemo\renderdemo\scrcpy\scrcpy\debug\process_intr.obj
d:\mydemo\renderdemo\scrcpy\scrcpy\debug\net_intr.obj
d:\mydemo\renderdemo\scrcpy\scrcpy\debug\net.obj
d:\mydemo\renderdemo\scrcpy\scrcpy\debug\memory.obj
d:\mydemo\renderdemo\scrcpy\scrcpy\debug\log.obj
d:\mydemo\renderdemo\scrcpy\scrcpy\debug\intr.obj
d:\mydemo\renderdemo\scrcpy\scrcpy\debug\intmap.obj
d:\mydemo\renderdemo\scrcpy\scrcpy\debug\average.obj
d:\mydemo\renderdemo\scrcpy\scrcpy\debug\audiobuf.obj
d:\mydemo\renderdemo\scrcpy\scrcpy\debug\acksync.obj
d:\mydemo\renderdemo\scrcpy\scrcpy\debug\usb.obj
d:\mydemo\renderdemo\scrcpy\scrcpy\debug\screen_otg.obj
d:\mydemo\renderdemo\scrcpy\scrcpy\debug\scrcpy_otg.obj
d:\mydemo\renderdemo\scrcpy\scrcpy\debug\mouse_aoa.obj
d:\mydemo\renderdemo\scrcpy\scrcpy\debug\keyboard_aoa.obj
d:\mydemo\renderdemo\scrcpy\scrcpy\debug\aoa_hid.obj
d:\mydemo\renderdemo\scrcpy\scrcpy\debug\uhid_output.obj
d:\mydemo\renderdemo\scrcpy\scrcpy\debug\mouse_uhid.obj
d:\mydemo\renderdemo\scrcpy\scrcpy\debug\version.obj
d:\mydemo\renderdemo\scrcpy\scrcpy\debug\v4l2_sink.obj
d:\mydemo\renderdemo\scrcpy\scrcpy\debug\timeout.obj
d:\mydemo\renderdemo\scrcpy\scrcpy\debug\tick.obj
d:\mydemo\renderdemo\scrcpy\scrcpy\debug\thread.obj
d:\mydemo\renderdemo\scrcpy\scrcpy\debug\term.obj
d:\mydemo\renderdemo\scrcpy\scrcpy\debug\strbuf.obj
d:\mydemo\renderdemo\scrcpy\scrcpy\debug\str.obj
d:\mydemo\renderdemo\scrcpy\scrcpy\debug\rand.obj
d:\mydemo\renderdemo\scrcpy\debug\scrcpy.exe
d:\mydemo\renderdemo\scrcpy\scrcpy\debug\scrcpy.ilk
d:\mydemo\renderdemo\scrcpy\debug\scrcpy.pdb
d:\mydemo\renderdemo\scrcpy\scrcpy\debug\scrcpy.tlog\cl.command.1.tlog
d:\mydemo\renderdemo\scrcpy\scrcpy\debug\scrcpy.tlog\cl.items.tlog
d:\mydemo\renderdemo\scrcpy\scrcpy\debug\scrcpy.tlog\cl.read.1.tlog
d:\mydemo\renderdemo\scrcpy\scrcpy\debug\scrcpy.tlog\cl.write.1.tlog
d:\mydemo\renderdemo\scrcpy\scrcpy\debug\scrcpy.tlog\link.command.1.tlog
d:\mydemo\renderdemo\scrcpy\scrcpy\debug\scrcpy.tlog\link.read.1.tlog
d:\mydemo\renderdemo\scrcpy\scrcpy\debug\scrcpy.tlog\link.write.1.tlog
